Logfile initialized
[INFO] logfile = /Users/akosuge/Documents/Titanium_Studio_Workspace/Gyboze/build.log
[DEBUG] /Users/akosuge/Library/Application Support/Titanium/mobilesdk/osx/3.1.0.GA/android/builder.py simulator Gyboze /Users/akosuge/android-sdk-macosx /Users/akosuge/Documents/Titanium_Studio_Workspace/Gyboze jp.co.getti.dev.Gyboze 10 WVGA854 /127.0.0.1:50650
[INFO] Launching Android emulator...one moment
[DEBUG] From: /Users/akosuge/android-sdk-macosx/tools/emulator
[DEBUG] SDCard: /Users/akosuge/.titanium/android2.sdcard
[INFO] Building Gyboze for Android ... one moment
[DEBUG] AVD ID: 10
[DEBUG] AVD Skin: WVGA854
[DEBUG] AVD ABI: armeabi
[DEBUG] SDK: /Users/akosuge/android-sdk-macosx
[INFO] Emulator is running.
[INFO] Titanium SDK version: 3.1.0 (04/15/13 18:45 57634ef)
[DEBUG] Waiting for device to be ready ...
[TRACE] adb devices returned 1 devices/emulators
[DEBUG] Device connected... (waited 0 seconds)
[DEBUG] waited 0.033283 seconds on emulator to get ready
[DEBUG] jp.co.getti.dev.Gyboze installed? False
[INFO] Fastdev server running, deploying in Fastdev mode
[INFO] Copying CommonJS modules...
[INFO] Copying project resources..
[DEBUG] LiveView not enabled
[INFO] Tiapp.xml unchanged, skipping class generation
[DEBUG] Processing Android resource drawables
[DEBUG] found special platform files dir = /Users/akosuge/Documents/Titanium_Studio_Workspace/Gyboze/platform/android
[INFO] Copying platform-specific files ...
[DEBUG] Removed duplicate string [welcome] from /Users/akosuge/Documents/Titanium_Studio_Workspace/Gyboze/build/android/res/values-ja/strings.xml
[DEBUG] Removed duplicate string [newlyTabTitle] from /Users/akosuge/Documents/Titanium_Studio_Workspace/Gyboze/build/android/res/values-ja/strings.xml
[DEBUG] Removed duplicate string [groupTabTitle] from /Users/akosuge/Documents/Titanium_Studio_Workspace/Gyboze/build/android/res/values-ja/strings.xml
[DEBUG] Removed duplicate string [otherTabTitle] from /Users/akosuge/Documents/Titanium_Studio_Workspace/Gyboze/build/android/res/values-ja/strings.xml
[DEBUG] Removed duplicate string [boardTabTitle] from /Users/akosuge/Documents/Titanium_Studio_Workspace/Gyboze/build/android/res/values-ja/strings.xml
[DEBUG] Removed duplicate string [todoTabTitle] from /Users/akosuge/Documents/Titanium_Studio_Workspace/Gyboze/build/android/res/values-ja/strings.xml
[DEBUG] Removed duplicate string [scheduleTabTitle] from /Users/akosuge/Documents/Titanium_Studio_Workspace/Gyboze/build/android/res/values-ja/strings.xml
[DEBUG] Removed duplicate string [cabinetTabTitle] from /Users/akosuge/Documents/Titanium_Studio_Workspace/Gyboze/build/android/res/values-ja/strings.xml
[DEBUG] Removed duplicate string [loginWindowTitle] from /Users/akosuge/Documents/Titanium_Studio_Workspace/Gyboze/build/android/res/values-ja/strings.xml
[DEBUG] Removed duplicate string [loginWindowUserId] from /Users/akosuge/Documents/Titanium_Studio_Workspace/Gyboze/build/android/res/values-ja/strings.xml
[DEBUG] Removed duplicate string [loginWindowPassword] from /Users/akosuge/Documents/Titanium_Studio_Workspace/Gyboze/build/android/res/values-ja/strings.xml
[DEBUG] Removed duplicate string [loginWindowLogin] from /Users/akosuge/Documents/Titanium_Studio_Workspace/Gyboze/build/android/res/values-ja/strings.xml
[DEBUG] Removed duplicate string [newlyWindowTitle] from /Users/akosuge/Documents/Titanium_Studio_Workspace/Gyboze/build/android/res/values-ja/strings.xml
[DEBUG] Removed duplicate string [newlyWindowClose] from /Users/akosuge/Documents/Titanium_Studio_Workspace/Gyboze/build/android/res/values-ja/strings.xml
[DEBUG] found drawable-long-land-hdpi splash screen at /Users/akosuge/Documents/Titanium_Studio_Workspace/Gyboze/Resources/android/images/res-long-land-hdpi/default.png
[DEBUG] found drawable-long-land-ldpi splash screen at /Users/akosuge/Documents/Titanium_Studio_Workspace/Gyboze/Resources/android/images/res-long-land-ldpi/default.png
[DEBUG] found drawable-long-port-hdpi splash screen at /Users/akosuge/Documents/Titanium_Studio_Workspace/Gyboze/Resources/android/images/res-long-port-hdpi/default.png
[DEBUG] found drawable-long-port-ldpi splash screen at /Users/akosuge/Documents/Titanium_Studio_Workspace/Gyboze/Resources/android/images/res-long-port-ldpi/default.png
[DEBUG] found drawable-notlong-land-hdpi splash screen at /Users/akosuge/Documents/Titanium_Studio_Workspace/Gyboze/Resources/android/images/res-notlong-land-hdpi/default.png
[DEBUG] found drawable-notlong-land-ldpi splash screen at /Users/akosuge/Documents/Titanium_Studio_Workspace/Gyboze/Resources/android/images/res-notlong-land-ldpi/default.png
[DEBUG] found drawable-notlong-land-mdpi splash screen at /Users/akosuge/Documents/Titanium_Studio_Workspace/Gyboze/Resources/android/images/res-notlong-land-mdpi/default.png
[DEBUG] found drawable-notlong-port-hdpi splash screen at /Users/akosuge/Documents/Titanium_Studio_Workspace/Gyboze/Resources/android/images/res-notlong-port-hdpi/default.png
[DEBUG] found drawable-notlong-port-ldpi splash screen at /Users/akosuge/Documents/Titanium_Studio_Workspace/Gyboze/Resources/android/images/res-notlong-port-ldpi/default.png
[DEBUG] found drawable-notlong-port-mdpi splash screen at /Users/akosuge/Documents/Titanium_Studio_Workspace/Gyboze/Resources/android/images/res-notlong-port-mdpi/default.png
[DEBUG] creating unsigned apk: /Users/akosuge/Documents/Titanium_Studio_Workspace/Gyboze/build/android/bin/app-unsigned.apk
[DEBUG] from resource zip => assets/Resources/ctrl/delegate.js
[DEBUG] from resource zip => assets/Resources/ctrl/logics.js
[DEBUG] from resource zip => assets/Resources/ctrl/main.js
[DEBUG] from resource zip => assets/Resources/images/KS_nav_ui.png
[DEBUG] from resource zip => assets/Resources/images/KS_nav_views.png
[DEBUG] from resource zip => assets/Resources/images/icon_rss.png
[DEBUG] from resource zip => assets/Resources/lib/TiDomParser.js
[DEBUG] from resource zip => assets/Resources/lib/async.js
[DEBUG] from resource zip => assets/Resources/lib/cybozelive.js
[DEBUG] from resource zip => assets/Resources/lib/jkl-parsexml.js
[DEBUG] from resource zip => assets/Resources/lib/jsOAuth-1.3.3.js
[DEBUG] from resource zip => assets/Resources/lib/jsOAuth-1.3.6.min.js
[DEBUG] from resource zip => assets/Resources/lib/jsOAuth-1.3.6_for_Ti3.0.2.js
[DEBUG] from resource zip => assets/Resources/model/db/dao/base.js
[DEBUG] from resource zip => assets/Resources/model/db/dao/board.js
[DEBUG] from resource zip => assets/Resources/model/db/dao/boardCategory.js
[DEBUG] from resource zip => assets/Resources/model/db/dao/cabinet.js
[DEBUG] from resource zip => assets/Resources/model/db/dao/cabinetFolder.js
[DEBUG] from resource zip => assets/Resources/model/db/dao/group.js
[DEBUG] from resource zip => assets/Resources/model/db/dao/schedule.js
[DEBUG] from resource zip => assets/Resources/model/db/dao/todo.js
[DEBUG] from resource zip => assets/Resources/model/db/dao/todoCategory.js
[DEBUG] from resource zip => assets/Resources/model/db/db.js
[DEBUG] from resource zip => assets/Resources/model/service/cybozelive/adapter.js
[DEBUG] from resource zip => assets/Resources/model/service/cybozelive/cybozelive.js
[DEBUG] from resource zip => assets/Resources/model/base.js
[DEBUG] from resource zip => assets/Resources/model/board.js
[DEBUG] from resource zip => assets/Resources/model/cabinet.js
[DEBUG] from resource zip => assets/Resources/model/dummy.js
[DEBUG] from resource zip => assets/Resources/model/group.js
[DEBUG] from resource zip => assets/Resources/model/newly.js
[DEBUG] from resource zip => assets/Resources/model/schedule.js
[DEBUG] from resource zip => assets/Resources/model/session.js
[DEBUG] from resource zip => assets/Resources/model/todo.js
[DEBUG] from resource zip => assets/Resources/model/util.js
[DEBUG] from resource zip => assets/Resources/tizen/appicon.png
[DEBUG] from resource zip => assets/Resources/ui/common/mainTabGroup/logics.js
[DEBUG] from resource zip => assets/Resources/ui/common/mainTabGroup/styles.js
[DEBUG] from resource zip => assets/Resources/ui/common/mainTabGroup/view.js
[DEBUG] from resource zip => assets/Resources/ui/common/overlayIndicator/styles.js
[DEBUG] from resource zip => assets/Resources/ui/common/overlayIndicator/view.js
[DEBUG] from resource zip => assets/Resources/ui/handheld/boardDetailWindow/logics.js
[DEBUG] from resource zip => assets/Resources/ui/handheld/boardDetailWindow/styles.js
[DEBUG] from resource zip => assets/Resources/ui/handheld/boardDetailWindow/view.js
[DEBUG] from resource zip => assets/Resources/ui/handheld/boardListWindow/logics.js
[DEBUG] from resource zip => assets/Resources/ui/handheld/boardListWindow/styles.js
[DEBUG] from resource zip => assets/Resources/ui/handheld/boardListWindow/view.js
[DEBUG] from resource zip => assets/Resources/ui/handheld/cabinetListWindow/logics.js
[DEBUG] from resource zip => assets/Resources/ui/handheld/cabinetListWindow/styles.js
[DEBUG] from resource zip => assets/Resources/ui/handheld/cabinetListWindow/view.js
[DEBUG] from resource zip => assets/Resources/ui/handheld/groupWindow/styles.js
[DEBUG] from resource zip => assets/Resources/ui/handheld/groupWindow/view.js
[DEBUG] from resource zip => assets/Resources/ui/handheld/loginWindow/logics.js
[DEBUG] from resource zip => assets/Resources/ui/handheld/loginWindow/styles.js
[DEBUG] from resource zip => assets/Resources/ui/handheld/loginWindow/view.js
[DEBUG] from resource zip => assets/Resources/ui/handheld/newlyListWindow/styles.js
[DEBUG] from resource zip => assets/Resources/ui/handheld/newlyListWindow/view.js
[DEBUG] from resource zip => assets/Resources/ui/handheld/otherWindow/logics.js
[DEBUG] from resource zip => assets/Resources/ui/handheld/otherWindow/styles.js
[DEBUG] from resource zip => assets/Resources/ui/handheld/otherWindow/view.js
[DEBUG] from resource zip => assets/Resources/ui/handheld/scheduleListWindow/logics.js
[DEBUG] from resource zip => assets/Resources/ui/handheld/scheduleListWindow/styles.js
[DEBUG] from resource zip => assets/Resources/ui/handheld/scheduleListWindow/view.js
[DEBUG] from resource zip => assets/Resources/ui/handheld/template/events.js
[DEBUG] from resource zip => assets/Resources/ui/handheld/template/styles.js
[DEBUG] from resource zip => assets/Resources/ui/handheld/template/view.js
[DEBUG] from resource zip => assets/Resources/ui/handheld/todoListWindow/logics.js
[DEBUG] from resource zip => assets/Resources/ui/handheld/todoListWindow/styles.js
[DEBUG] from resource zip => assets/Resources/ui/handheld/todoListWindow/view.js
[DEBUG] from resource zip => assets/Resources/ui/handheld/base.js
[DEBUG] from resource zip => assets/Resources/ui/util.js
[DEBUG] from resource zip => assets/Resources/KS_nav_ui.png
[DEBUG] from resource zip => assets/Resources/KS_nav_views.png
[DEBUG] from resource zip => assets/Resources/app.js
[DEBUG] from resource zip => assets/Resources/appicon.png
[DEBUG] from resource zip => assets/Resources/default.png
[DEBUG] from resource zip => assets/app.json
[DEBUG] from resource zip => assets/index.json
[DEBUG] from resource zip => assets/tiapp.xml
[DEBUG] from resource zip => res/drawable/appicon.png
[DEBUG] from resource zip => res/drawable/background.png
[DEBUG] from resource zip => res/drawable/btn_check_buttonless_on_64.png
[DEBUG] from resource zip => res/drawable/btn_more_64.png
[DEBUG] from resource zip => res/drawable/disclosure_64.png
[DEBUG] from resource zip => res/layout/titanium_tabgroup.xml
[DEBUG] from resource zip => res/layout/titanium_ui_list_header_or_footer.xml
[DEBUG] from resource zip => res/layout/titanium_ui_list_item.xml
[DEBUG] from resource zip => AndroidManifest.xml
[DEBUG] from resource zip => resources.arsc
[DEBUG] from resource zip => res/drawable-long-land-hdpi/background.png
[DEBUG] from resource zip => res/drawable-long-land-ldpi/background.png
[DEBUG] from resource zip => res/drawable-long-port-hdpi/background.png
[DEBUG] from resource zip => res/drawable-long-port-ldpi/background.png
[DEBUG] from resource zip => res/drawable-notlong-land-hdpi/background.png
[DEBUG] from resource zip => res/drawable-notlong-land-ldpi/background.png
[DEBUG] from resource zip => res/drawable-notlong-land-mdpi/background.png
[DEBUG] from resource zip => res/drawable-notlong-port-hdpi/background.png
[DEBUG] from resource zip => res/drawable-notlong-port-ldpi/background.png
[DEBUG] from resource zip => res/drawable-notlong-port-mdpi/background.png
[DEBUG] from JAR /Users/akosuge/Library/Application Support/Titanium/mobilesdk/osx/3.1.0.GA/android/thirdparty.jar => org/apache/Commons-NOTICE.txt
[DEBUG] from JAR /Users/akosuge/Library/Application Support/Titanium/mobilesdk/osx/3.1.0.GA/android/thirdparty.jar => org/apache/HttpComponents-NOTICE.txt
[DEBUG] from JAR /Users/akosuge/Library/Application Support/Titanium/mobilesdk/osx/3.1.0.GA/android/thirdparty.jar => org/apache/mime4j-NOTICE.txt
[DEBUG] from JAR /Users/akosuge/Library/Application Support/Titanium/mobilesdk/osx/3.1.0.GA/android/titanium.jar => org/appcelerator/titanium/build.properties
[DEBUG] from JAR /Users/akosuge/Library/Application Support/Titanium/mobilesdk/osx/3.1.0.GA/android/titanium.jar => org/appcelerator/titanium/res/drawable/background.png
[DEBUG] from JAR /Users/akosuge/Library/Application Support/Titanium/mobilesdk/osx/3.1.0.GA/android/titanium.jar => org/appcelerator/titanium/res/drawable/btn_check_buttonless_on.png
[DEBUG] from JAR /Users/akosuge/Library/Application Support/Titanium/mobilesdk/osx/3.1.0.GA/android/titanium.jar => org/appcelerator/titanium/res/drawable/btn_check_buttonless_on_18.png
[DEBUG] from JAR /Users/akosuge/Library/Application Support/Titanium/mobilesdk/osx/3.1.0.GA/android/titanium.jar => org/appcelerator/titanium/res/drawable/btn_check_buttonless_on_48.png
[DEBUG] from JAR /Users/akosuge/Library/Application Support/Titanium/mobilesdk/osx/3.1.0.GA/android/titanium.jar => org/appcelerator/titanium/res/drawable/btn_check_buttonless_on_64.png
[DEBUG] from JAR /Users/akosuge/Library/Application Support/Titanium/mobilesdk/osx/3.1.0.GA/android/titanium.jar => org/appcelerator/titanium/res/drawable/btn_more.png
[DEBUG] from JAR /Users/akosuge/Library/Application Support/Titanium/mobilesdk/osx/3.1.0.GA/android/titanium.jar => org/appcelerator/titanium/res/drawable/btn_more_18.png
[DEBUG] from JAR /Users/akosuge/Library/Application Support/Titanium/mobilesdk/osx/3.1.0.GA/android/titanium.jar => org/appcelerator/titanium/res/drawable/btn_more_48.png
[DEBUG] from JAR /Users/akosuge/Library/Application Support/Titanium/mobilesdk/osx/3.1.0.GA/android/titanium.jar => org/appcelerator/titanium/res/drawable/btn_more_64.png
[DEBUG] from JAR /Users/akosuge/Library/Application Support/Titanium/mobilesdk/osx/3.1.0.GA/android/titanium.jar => org/appcelerator/titanium/res/drawable/btn_picker_normal.9.png
[DEBUG] from JAR /Users/akosuge/Library/Application Support/Titanium/mobilesdk/osx/3.1.0.GA/android/titanium.jar => org/appcelerator/titanium/res/drawable/btn_picker_pressed.9.png
[DEBUG] from JAR /Users/akosuge/Library/Application Support/Titanium/mobilesdk/osx/3.1.0.GA/android/titanium.jar => org/appcelerator/titanium/res/drawable/btn_picker_selected.9.png
[DEBUG] from JAR /Users/akosuge/Library/Application Support/Titanium/mobilesdk/osx/3.1.0.GA/android/titanium.jar => org/appcelerator/titanium/res/drawable/default_icon.png
[DEBUG] from JAR /Users/akosuge/Library/Application Support/Titanium/mobilesdk/osx/3.1.0.GA/android/titanium.jar => org/appcelerator/titanium/res/drawable/photoDefault.png
[DEBUG] from JAR /Users/akosuge/Library/Application Support/Titanium/mobilesdk/osx/3.1.0.GA/android/modules/titanium-ui.jar => ti/modules/titanium/ui/widget/webview/binding.js
[DEBUG] from JAR /Users/akosuge/Library/Application Support/Titanium/mobilesdk/osx/3.1.0.GA/android/modules/titanium-ui.jar => ti/modules/titanium/ui/widget/webview/binding.min.js
[DEBUG] from JAR /Users/akosuge/Library/Application Support/Titanium/mobilesdk/osx/3.1.0.GA/android/modules/titanium-ui.jar => ti/modules/titanium/ui/widget/webview/json2.js
[DEBUG] from JAR /Users/akosuge/Library/Application Support/Titanium/mobilesdk/osx/3.1.0.GA/android/modules/titanium-ui.jar => ti/modules/titanium/ui/widget/webview/polling.js
[DEBUG] from JAR /Users/akosuge/Library/Application Support/Titanium/mobilesdk/osx/3.1.0.GA/android/modules/titanium-ui.jar => ti/modules/titanium/ui/widget/webview/polling.min.js
[DEBUG] installing native SDK libs
[DEBUG] Waiting for device to be ready ...
[TRACE] adb devices returned 1 devices/emulators
[DEBUG] Device connected... (waited 0 seconds)
[DEBUG] waited 0.038959 seconds on emulator to get ready
[INFO] Installing application on emulator
[INFO] Launching application ... Gyboze
[TRACE] Launch output: Starting: Intent { act=android.intent.action.MAIN cat=[android.intent.category.LAUNCHER] flg=0x10200000 cmp=jp.co.getti.dev.Gyboze/.GybozeActivity }

[INFO] Deployed Gyboze ... Application should be running.
[INFO] Forwarding host port 50650 to device for debugging.
